{
 "NMAX": 60,
 "N": 246,
 "J": 188,
 "tau_closed_form_ok": true,
 "band2_checked": 1950,
 "band2_failures": [],
 "band2_first_defect_equals_sigma2": true,
 "band3_checked": 2010,
 "band3_failures": [],
 "sigma_val_ok": true,
 "max_abs_tau": "1/2",
 "argmax_tau": 1,
 "max_abs_sigma": "1/3",
 "argmax_sigma": 2,
 "tau_leq_half_all": true,
 "sigma_leq_1_all": true,
 "tau_tail_float": [
  0.002446867304606584,
  -0.0036716903785778553,
  -0.0054248148958499255,
  -0.0010557497534182936,
  -0.0063247015683692825,
  0.00878462218717435
 ],
 "sigma_tail_float": [
  0.000175135087265699,
  0.006645194771753526,
  -0.004773620386389699,
  -0.0016254988675594242,
  -0.006094202119597656,
  -0.004894248811799973
 ],
 "max_abs_band2_value": "2663/4480",
 "argmax_band2": [
  6,
  1
 ],
 "wall_sec": 3.679595947265625
}
tightness rows (n, defect, sigma_2, equal): [(1, '-1/3', '-1/3', True), (2, '-1/3', '-1/3', True), (3, '-1/3', '-1/3', True), (4, '-1/3', '-1/3', True), (5, '-1/3', '-1/3', True), (6, '-1/3', '-1/3', True)]
wrote data/bands_N60.json
