=== (1) L1 and L2 means on |t|=r (trapezoid, 2048 pts; series J=600) ===
    r      mean|Phi|   sqrt(mean|Phi|^2)   max|Phi|   tail_est
  0.500   1.018188     1.034184      1.1875    1.20e-181
  0.700   1.041245     1.072684      1.2798    1.34e-93
  0.800   1.059454     1.100289      1.3423    1.43e-58
  0.900   1.085804     1.137267      1.4268    1.58e-27
  0.950   1.104921     1.162935      1.4952    4.09e-13
  0.970   1.114994     1.176446      1.5354    1.87e-07
  0.985   1.124548     1.189473      1.5773    3.78e-03

=== (2) radial limits at root-of-unity directions e^(2 pi i p/q) ===
  p/q=0/1: |Phi(r w)| at r=0.9,0.95,0.98,0.99 -> 0.1759, 0.0928, 0.0386, 0.0196
  p/q=1/2: |Phi(r w)| at r=0.9,0.95,0.98,0.99 -> 0.8745, 0.6803, 0.4608, 0.3348
  p/q=1/3: |Phi(r w)| at r=0.9,0.95,0.98,0.99 -> 1.2021, 1.0749, 0.8659, 0.7125
  p/q=1/4: |Phi(r w)| at r=0.9,0.95,0.98,0.99 -> 1.2557, 1.2026, 1.0600, 0.9306
  p/q=1/5: |Phi(r w)| at r=0.9,0.95,0.98,0.99 -> 1.2053, 1.1971, 1.1132, 1.0170
  p/q=2/5: |Phi(r w)| at r=0.9,0.95,0.98,0.99 -> 1.4065, 1.4044, 1.3105, 1.1986
  p/q=1/6: |Phi(r w)| at r=0.9,0.95,0.98,0.99 -> 1.1258, 1.1402, 1.0968, 1.0291

=== (3) radial behavior at 'generic' angles (irrational multiples of pi) ===
  theta=1.0000: |Phi| at r=0.9..0.99 -> 1.1031, 1.1370, 1.1754, 1.1992
  theta=2.0000: |Phi| at r=0.9..0.99 -> 1.2751, 1.2942, 1.3359, 1.3589
  theta=0.5000: |Phi| at r=0.9..0.99 -> 0.7164, 0.7379, 0.7557, 0.7661
  theta=2.4000: |Phi| at r=0.9..0.99 -> 1.4268, 1.4950, 1.5612, 1.5969

=== (4) partial sums sum_{j<=J} A_j (Phi(1^-) Abel check) ===
  partial sums: {50: 0.005974, 100: 0.004854, 200: 0.003575, 300: 0.00519, 400: 0.003365, 500: -6.6e-05, 600: 0.003314}
