J=600  N=1200  wall=24.6s
stabilization re-verified (c^(n)_(n+j) const for n>=max(j,1), n<=J): True  worst=None
|A_j|<=1 for ALL j=0..600: True   violations: []
max non-leading |A_j| = 1/2 ~ 0.50000000 at j=1
signs A_0..A_{min(60,J)}:
  -++++-+-++--+--++-+-++--+--++-+-+--++--++-+--+--+-----+++--++
first 12 A_j:
  A_0   =                         -1  ~ -1.0000000000
  A_1   =                        1/2  ~ +0.5000000000
  A_2   =                        1/3  ~ +0.3333333333
  A_3   =                       1/24  ~ +0.0416666667
  A_4   =                       7/60  ~ +0.1166666667
  A_5   =                    -59/720  ~ -0.0819444444
  A_6   =                     53/420  ~ +0.1261904762
  A_7   =                  -423/4480  ~ -0.0944196429
  A_8   =               10147/181440  ~ +0.0559248236
  A_9   =              10141/3628800  ~ +0.0027945877
  A_10  =                -281/199584  ~ -0.0014079285
  A_11  =        -24849263/479001600  ~ -0.0518772025
growth |A_j|^(1/j) tail: [(591, 0.98902), (592, 0.98819), (593, 0.98466), (594, 0.99033), (595, 0.98769), (596, 0.99018), (597, 0.9877), (598, 0.99019), (599, 0.98786), (600, 0.99032)]
wrote data/profile_J600.json
