=== identity 1: c^{(n)}_{2n+1} == A_{n+1} - 1/2 ===
  n= 1: c^(n)_(2n+1)=          -1/6  A_(n+1)-1/2=          -1/6
  n= 2: c^(n)_(2n+1)=        -11/24  A_(n+1)-1/2=        -11/24
  n= 3: c^(n)_(2n+1)=        -23/60  A_(n+1)-1/2=        -23/60
  n= 4: c^(n)_(2n+1)=      -419/720  A_(n+1)-1/2=      -419/720
  n= 5: c^(n)_(2n+1)=      -157/420  A_(n+1)-1/2=      -157/420
  n= 6: c^(n)_(2n+1)=    -2663/4480  A_(n+1)-1/2=    -2663/4480
  n= 7: c^(n)_(2n+1)= -80573/181440  A_(n+1)-1/2= -80573/181440
  n= 8: c^(n)_(2n+1)=-1804259/3628800  A_(n+1)-1/2=-1804259/3628800
  identity 1 holds for all n<=30: True

=== line k=2n+2: values c^{(n)}_{2n+2} and A_{n+2} ===
  n= 1: c^(n)_(2n+2)=              1/24 ~+0.041667   A_(n+2)=          1/24   c-A_(n+2)=               0
  n= 2: c^(n)_(2n+2)=              7/60 ~+0.116667   A_(n+2)=          7/60   c-A_(n+2)=               0
  n= 3: c^(n)_(2n+2)=           -59/720 ~-0.081944   A_(n+2)=       -59/720   c-A_(n+2)=               0
  n= 4: c^(n)_(2n+2)=            53/420 ~+0.126190   A_(n+2)=        53/420   c-A_(n+2)=               0
  n= 5: c^(n)_(2n+2)=         -423/4480 ~-0.094420   A_(n+2)=     -423/4480   c-A_(n+2)=               0
  n= 6: c^(n)_(2n+2)=      10147/181440 ~+0.055925   A_(n+2)=  10147/181440   c-A_(n+2)=               0
  n= 7: c^(n)_(2n+2)=     10141/3628800 ~+0.002795   A_(n+2)= 10141/3628800   c-A_(n+2)=               0
  n= 8: c^(n)_(2n+2)=       -281/199584 ~-0.001408   A_(n+2)=   -281/199584   c-A_(n+2)=               0
  n= 9: c^(n)_(2n+2)=-24849263/479001600 ~-0.051877   A_(n+2)=-24849263/479001600   c-A_(n+2)=               0
  n=10: c^(n)_(2n+2)=36117749/345945600 ~+0.104403   A_(n+2)=36117749/345945600   c-A_(n+2)=               0
  n=11: c^(n)_(2n+2)=-676532867/9686476800 ~-0.069843   A_(n+2)=-676532867/9686476800   c-A_(n+2)=               0

  (difference d_n := c^(n)_(2n+2) - A_(n+2); look for pattern in n)
    n= 1: d_n=                 0 ~+0.000000
    n= 2: d_n=                 0 ~+0.000000
    n= 3: d_n=                 0 ~+0.000000
    n= 4: d_n=                 0 ~+0.000000
    n= 5: d_n=                 0 ~+0.000000
    n= 6: d_n=                 0 ~+0.000000
    n= 7: d_n=                 0 ~+0.000000
    n= 8: d_n=                 0 ~+0.000000
    n= 9: d_n=                 0 ~+0.000000
    n=10: d_n=                 0 ~+0.000000
    n=11: d_n=                 0 ~+0.000000
