{
 "NMAX": 12,
 "N": 54,
 "J": 44,
 "tau_closed_form_ok": true,
 "band2_checked": 102,
 "band2_failures": [],
 "band2_first_defect_equals_sigma2": true,
 "band3_checked": 114,
 "band3_failures": [],
 "sigma_val_ok": true,
 "max_abs_tau": "1/2",
 "argmax_tau": 1,
 "max_abs_sigma": "1/3",
 "argmax_sigma": 2,
 "tau_leq_half_all": true,
 "sigma_leq_1_all": true,
 "tau_tail_float": [
  -0.025014670539480043,
  -0.011046158616278416,
  0.030194931142068428,
  -0.0019558448324614357,
  0.003354115238952283,
  -0.0040741907768711
 ],
 "sigma_tail_float": [
  -2.9636567043285244e-05,
  -0.019598860751658117,
  -0.015172269330516745,
  0.02202039547328619,
  -0.0029151963903917017,
  0.01273058824223644
 ],
 "max_abs_band2_value": "2663/4480",
 "argmax_band2": [
  6,
  1
 ],
 "wall_sec": 0.06296300888061523
}
tightness rows (n, defect, sigma_2, equal): [(1, '-1/3', '-1/3', True), (2, '-1/3', '-1/3', True), (3, '-1/3', '-1/3', True), (4, '-1/3', '-1/3', True), (5, '-1/3', '-1/3', True), (6, '-1/3', '-1/3', True)]
